2026-06-29 11:57:59.986 [INF] ISO 11820 系统启动
2026-06-29 11:58:00.025 [INF] 配置加载完成
2026-06-29 11:58:00.108 [INF] 数据库初始化完成，路径：C:\Users\35949\Desktop\ISO11820\bin\Debug\net8.0-windows\Data\ISO11820.db
2026-06-29 11:58:00.109 [INF] 文件存储目录已确保存在
2026-06-29 11:58:17.267 [INF] DaqWorker已启动，采集周期800ms
2026-06-29 11:58:55.946 [DBG] DaqWorker已停止
2026-06-29 11:58:55.972 [INF] ISO 11820 系统关闭
2026-06-29 12:29:28.402 [INF] ISO 11820 系统启动
2026-06-29 12:29:28.442 [INF] 配置加载完成
2026-06-29 12:29:28.528 [INF] 数据库初始化完成，路径：C:\Users\35949\Desktop\ISO11820\bin\Debug\net8.0-windows\Data\ISO11820.db
2026-06-29 12:29:28.529 [INF] 文件存储目录已确保存在
2026-06-29 12:29:35.789 [INF] DaqWorker已启动，采集周期800ms
2026-06-29 12:30:07.018 [DBG] DaqWorker已停止
2026-06-29 12:30:07.043 [INF] ISO 11820 系统关闭
2026-06-29 12:40:50.754 [INF] ISO 11820 系统启动
2026-06-29 12:40:50.793 [INF] 配置加载完成
2026-06-29 12:40:50.875 [INF] 数据库初始化完成，路径：C:\Users\35949\Desktop\ISO11820\bin\Debug\net8.0-windows\Data\ISO11820.db
2026-06-29 12:40:50.876 [INF] 文件存储目录已确保存在
2026-06-29 12:47:57.281 [INF] DaqWorker已启动，采集周期800ms
2026-06-29 12:48:31.078 [INF] 开始记录: ProductId=SP-20260629-001, TestId=20260629-124813, CSV=C:\Users\35949\Desktop\ISO11820\bin\Debug\net8.0-windows\Data\TestData\SP-20260629-001\20260629-124813\sensor_data.csv
2026-06-29 12:48:31.683 [DBG] 记录中: 1条数据, 0秒, TF1=749.7°C
2026-06-29 12:48:41.290 [DBG] 记录中: 11条数据, 10秒, TF1=749.7°C
2026-06-29 12:49:48.188 [DBG] DaqWorker已停止
2026-06-29 12:49:48.213 [INF] ISO 11820 系统关闭
2026-06-29 12:54:03.139 [INF] ISO 11820 系统启动
2026-06-29 12:54:03.179 [INF] 配置加载完成
2026-06-29 12:54:03.264 [INF] 数据库初始化完成，路径：C:\Users\35949\Desktop\ISO11820\bin\Debug\net8.0-windows\Data\ISO11820.db
2026-06-29 12:54:03.265 [INF] 文件存储目录已确保存在
2026-06-29 12:56:17.300 [INF] DaqWorker已启动，采集周期800ms
2026-06-29 12:57:08.574 [DBG] DaqWorker已停止
2026-06-29 12:57:08.597 [INF] ISO 11820 系统关闭
2026-06-29 13:01:07.970 [INF] ISO 11820 系统启动
2026-06-29 13:01:08.009 [INF] 配置加载完成
2026-06-29 13:01:08.093 [INF] 数据库初始化完成，路径：C:\Users\35949\Desktop\ISO11820\bin\Debug\net8.0-windows\Data\ISO11820.db
2026-06-29 13:01:08.094 [INF] 文件存储目录已确保存在
2026-06-29 13:03:51.294 [INF] DaqWorker已启动，采集周期800ms
2026-06-29 13:04:14.590 [INF] 开始记录: ProductId=SP-20260629-001, TestId=20260629-130359, CSV=C:\Users\35949\Desktop\ISO11820\bin\Debug\net8.0-windows\Data\TestData\SP-20260629-001\20260629-130359\sensor_data.csv
2026-06-29 13:04:15.296 [DBG] 记录中: 1条数据, 0秒, TF1=749.8°C
2026-06-29 13:04:24.911 [DBG] 记录中: 11条数据, 10秒, TF1=749.6°C
2026-06-29 13:05:45.669 [DBG] DaqWorker已停止
2026-06-29 13:05:45.687 [INF] ISO 11820 系统关闭
2026-06-29 13:38:45.726 [INF] ISO 11820 系统启动
2026-06-29 13:38:45.766 [INF] 配置加载完成
2026-06-29 13:38:45.849 [INF] 数据库初始化完成，路径：C:\Users\35949\Desktop\ISO11820\bin\Debug\net8.0-windows\Data\ISO11820.db
2026-06-29 13:38:45.850 [INF] 文件存储目录已确保存在
2026-06-29 13:38:55.122 [INF] DaqWorker已启动，采集周期800ms
2026-06-29 13:39:29.417 [DBG] DaqWorker已停止
2026-06-29 13:39:29.450 [INF] ISO 11820 系统关闭
2026-06-29 14:45:12.805 [INF] ISO 11820 系统启动
2026-06-29 14:45:12.866 [INF] 配置加载完成
2026-06-29 14:45:12.996 [INF] 数据库初始化完成，路径：C:\Users\zhengyingguang\AppData\Roaming\im\2066128308340101121\File\ISO11820-promax\ISO11820\bin\Debug\net8.0-windows\Data\ISO11820.db
2026-06-29 14:45:12.997 [INF] 文件存储目录已确保存在
2026-06-29 14:45:19.030 [INF] DaqWorker已启动，采集周期800ms
2026-06-29 14:49:24.112 [DBG] DaqWorker已停止
2026-06-29 14:49:24.418 [INF] ISO 11820 系统关闭
2026-06-29 14:49:41.864 [INF] ISO 11820 系统启动
2026-06-29 14:49:41.918 [INF] 配置加载完成
2026-06-29 14:49:42.022 [INF] 数据库初始化完成，路径：C:\Users\zhengyingguang\AppData\Roaming\im\2066128308340101121\File\ISO11820-promax\ISO11820\bin\Debug\net8.0-windows\Data\ISO11820.db
2026-06-29 14:49:42.023 [INF] 文件存储目录已确保存在
2026-06-29 14:49:46.068 [INF] DaqWorker已启动，采集周期800ms
2026-06-29 14:50:19.661 [INF] 开始记录: ProductId=SP-20260629-001, TestId=20260629-144949, CSV=C:\Users\zhengyingguang\AppData\Roaming\im\2066128308340101121\File\ISO11820-promax\ISO11820\bin\Debug\net8.0-windows\Data\TestData\SP-20260629-001\20260629-144949\sensor_data.csv
2026-06-29 14:50:19.679 [DBG] 记录中: 1条数据, 0秒, TF1=750.3°C
2026-06-29 14:50:30.078 [DBG] 记录中: 11条数据, 10秒, TF1=749.9°C
2026-06-29 14:50:39.674 [DBG] 记录中: 21条数据, 20秒, TF1=750.2°C
2026-06-29 14:50:50.069 [DBG] 记录中: 31条数据, 30秒, TF1=750.4°C
2026-06-29 14:50:59.674 [DBG] 记录中: 41条数据, 40秒, TF1=750.0°C
2026-06-29 14:51:10.069 [DBG] 记录中: 51条数据, 50秒, TF1=749.5°C
2026-06-29 14:58:34.765 [INF] 开始记录: ProductId=SP-20260629-001, TestId=20260629-145818, CSV=C:\Users\zhengyingguang\AppData\Roaming\im\2066128308340101121\File\ISO11820-promax\ISO11820\bin\Debug\net8.0-windows\Data\TestData\SP-20260629-001\20260629-145818\sensor_data.csv
2026-06-29 14:58:34.870 [DBG] 记录中: 1条数据, 0秒, TF1=750.3°C
2026-06-29 14:58:45.283 [DBG] 记录中: 11条数据, 10秒, TF1=749.9°C
2026-06-29 14:58:54.883 [DBG] 记录中: 21条数据, 20秒, TF1=750.0°C
2026-06-29 14:59:05.281 [DBG] 记录中: 31条数据, 30秒, TF1=750.5°C
2026-06-29 14:59:14.874 [DBG] 记录中: 41条数据, 40秒, TF1=750.3°C
2026-06-29 14:59:25.268 [DBG] 记录中: 51条数据, 50秒, TF1=749.5°C
2026-06-29 15:18:16.770 [INF] 开始记录: ProductId=SP-20260629-001, TestId=20260629-151808, CSV=C:\Users\zhengyingguang\AppData\Roaming\im\2066128308340101121\File\ISO11820-promax\ISO11820\bin\Debug\net8.0-windows\Data\TestData\SP-20260629-001\20260629-151808\sensor_data.csv
2026-06-29 15:18:17.282 [DBG] 记录中: 1条数据, 0秒, TF1=750.0°C
2026-06-29 15:18:20.389 [DBG] DaqWorker已停止
2026-06-29 15:18:20.690 [INF] ISO 11820 系统关闭
2026-06-29 15:19:02.084 [INF] ISO 11820 系统启动
2026-06-29 15:19:02.134 [INF] 配置加载完成
2026-06-29 15:19:02.233 [INF] 数据库初始化完成，路径：C:\Users\zhengyingguang\AppData\Roaming\im\2066128308340101121\File\ISO11820-promax\ISO11820\bin\Debug\net8.0-windows\Data\ISO11820.db
2026-06-29 15:19:02.235 [INF] 文件存储目录已确保存在
2026-06-29 15:19:06.788 [INF] DaqWorker已启动，采集周期800ms
2026-06-29 15:21:01.972 [DBG] DaqWorker已停止
2026-06-29 15:21:02.205 [INF] ISO 11820 系统关闭
