2026-06-29 11:27:40.386 [INF] ISO 11820 系统启动
2026-06-29 11:27:40.425 [INF] 配置加载完成
2026-06-29 11:27:40.504 [INF] 数据库初始化完成，路径：C:\Users\35949\Desktop\ISO11820\bin\Debug\net8.0-windows\Data\ISO11820.db
2026-06-29 11:27:40.505 [INF] 文件存储目录已确保存在
2026-06-29 11:27:43.847 [INF] DaqWorker已启动，采集周期800ms
2026-06-29 11:27:56.160 [DBG] DaqWorker已停止
2026-06-29 11:27:56.187 [INF] ISO 11820 系统关闭
2026-06-29 11:59:18.935 [INF] ISO 11820 系统启动
2026-06-29 11:59:18.975 [INF] 配置加载完成
2026-06-29 11:59:19.058 [INF] 数据库初始化完成，路径：C:\Users\35949\Desktop\ISO11820\bin\Debug\net8.0-windows\Data\ISO11820.db
2026-06-29 11:59:19.059 [INF] 文件存储目录已确保存在
2026-06-29 11:59:22.672 [INF] DaqWorker已启动，采集周期800ms
2026-06-29 12:02:20.339 [INF] 开始记录: ProductId=SP-20260629-001, TestId=20260629-120152, CSV=C:\Users\35949\Desktop\ISO11820\bin\Debug\net8.0-windows\Data\TestData\SP-20260629-001\20260629-120152\sensor_data.csv
2026-06-29 12:02:21.085 [DBG] 记录中: 1条数据, 0秒, TF1=750.1°C
2026-06-29 12:05:25.825 [DBG] DaqWorker已停止
2026-06-29 12:05:25.841 [INF] ISO 11820 系统关闭
2026-06-29 12:19:57.331 [INF] ISO 11820 系统启动
2026-06-29 12:19:57.368 [INF] 配置加载完成
2026-06-29 12:19:57.448 [INF] 数据库初始化完成，路径：C:\Users\35949\Desktop\ISO11820\bin\Debug\net8.0-windows\Data\ISO11820.db
2026-06-29 12:19:57.449 [INF] 文件存储目录已确保存在
2026-06-29 12:20:03.313 [INF] DaqWorker已启动，采集周期800ms
2026-06-29 12:29:00.388 [DBG] DaqWorker已停止
2026-06-29 12:29:00.412 [INF] ISO 11820 系统关闭
2026-06-29 12:30:35.303 [INF] ISO 11820 系统启动
2026-06-29 12:30:35.341 [INF] 配置加载完成
2026-06-29 12:30:35.421 [INF] 数据库初始化完成，路径：C:\Users\35949\Desktop\ISO11820\bin\Debug\net8.0-windows\Data\ISO11820.db
2026-06-29 12:30:35.422 [INF] 文件存储目录已确保存在
2026-06-29 12:30:39.949 [INF] DaqWorker已启动，采集周期800ms
2026-06-29 12:32:43.385 [DBG] DaqWorker已停止
2026-06-29 12:32:43.410 [INF] ISO 11820 系统关闭
2026-06-29 12:50:02.119 [INF] ISO 11820 系统启动
2026-06-29 12:50:02.159 [INF] 配置加载完成
2026-06-29 12:50:02.241 [INF] 数据库初始化完成，路径：C:\Users\35949\Desktop\ISO11820\bin\Debug\net8.0-windows\Data\ISO11820.db
2026-06-29 12:50:02.242 [INF] 文件存储目录已确保存在
2026-06-29 12:50:06.689 [INF] DaqWorker已启动，采集周期800ms
2026-06-29 12:51:43.737 [DBG] DaqWorker已停止
2026-06-29 12:51:43.766 [INF] ISO 11820 系统关闭
2026-06-29 13:07:46.645 [INF] ISO 11820 系统启动
2026-06-29 13:07:46.682 [INF] 配置加载完成
2026-06-29 13:07:46.761 [INF] 数据库初始化完成，路径：C:\Users\35949\Desktop\ISO11820\bin\Debug\net8.0-windows\Data\ISO11820.db
2026-06-29 13:07:46.762 [INF] 文件存储目录已确保存在
2026-06-29 13:07:49.723 [INF] DaqWorker已启动，采集周期800ms
2026-06-29 13:11:36.413 [INF] 开始记录: ProductId=SP-20260629-001, TestId=20260629-130802, CSV=C:\Users\35949\Desktop\ISO11820\bin\Debug\net8.0-windows\Data\TestData\SP-20260629-001\20260629-130802\sensor_data.csv
2026-06-29 13:11:36.938 [DBG] 记录中: 1条数据, 0秒, TF1=749.9°C
2026-06-29 13:11:46.525 [DBG] 记录中: 11条数据, 10秒, TF1=750.4°C
2026-06-29 13:13:47.520 [DBG] DaqWorker已停止
2026-06-29 13:13:47.547 [INF] ISO 11820 系统关闭
2026-06-29 13:14:42.963 [INF] ISO 11820 系统启动
2026-06-29 13:14:43.001 [INF] 配置加载完成
2026-06-29 13:14:43.081 [INF] 数据库初始化完成，路径：C:\Users\35949\Desktop\ISO11820\bin\Debug\net8.0-windows\Data\ISO11820.db
2026-06-29 13:14:43.082 [INF] 文件存储目录已确保存在
2026-06-29 13:15:23.577 [INF] DaqWorker已启动，采集周期800ms
2026-06-29 13:15:43.596 [DBG] DaqWorker已停止
2026-06-29 13:15:43.617 [INF] ISO 11820 系统关闭
2026-06-29 13:35:37.612 [INF] ISO 11820 系统启动
2026-06-29 13:35:37.648 [INF] 配置加载完成
2026-06-29 13:35:37.727 [INF] 数据库初始化完成，路径：C:\Users\35949\Desktop\ISO11820\bin\Debug\net8.0-windows\Data\ISO11820.db
2026-06-29 13:35:37.728 [INF] 文件存储目录已确保存在
2026-06-29 13:35:41.522 [INF] DaqWorker已启动，采集周期800ms
2026-06-29 13:36:42.471 [DBG] DaqWorker已停止
2026-06-29 13:36:42.494 [INF] ISO 11820 系统关闭
2026-06-29 13:43:09.129 [INF] ISO 11820 系统启动
2026-06-29 13:43:09.166 [INF] 配置加载完成
2026-06-29 13:43:09.245 [INF] 数据库初始化完成，路径：C:\Users\35949\Desktop\ISO11820\bin\Debug\net8.0-windows\Data\ISO11820.db
2026-06-29 13:43:09.246 [INF] 文件存储目录已确保存在
2026-06-29 13:43:13.995 [INF] DaqWorker已启动，采集周期800ms
2026-06-29 13:45:01.974 [DBG] DaqWorker已停止
2026-06-29 13:45:01.995 [INF] ISO 11820 系统关闭
2026-06-29 13:45:03.069 [INF] ISO 11820 系统启动
2026-06-29 13:45:03.108 [INF] 配置加载完成
2026-06-29 13:45:03.187 [INF] 数据库初始化完成，路径：C:\Users\35949\Desktop\ISO11820\bin\Debug\net8.0-windows\Data\ISO11820.db
2026-06-29 13:45:03.188 [INF] 文件存储目录已确保存在
2026-06-29 13:45:32.087 [INF] ISO 11820 系统关闭
2026-06-29 13:47:19.808 [INF] ISO 11820 系统启动
2026-06-29 13:47:19.847 [INF] 配置加载完成
2026-06-29 13:47:19.927 [INF] 数据库初始化完成，路径：C:\Users\35949\Desktop\ISO11820\bin\Debug\net8.0-windows\Data\ISO11820.db
2026-06-29 13:47:19.928 [INF] 文件存储目录已确保存在
2026-06-29 13:47:39.784 [INF] DaqWorker已启动，采集周期800ms
2026-06-29 13:48:12.388 [DBG] DaqWorker已停止
2026-06-29 13:48:12.414 [INF] ISO 11820 系统关闭
